=======================================
Running scatter with P=1 using mpirun
---------------------------------------
69.0007 0.000673001
71.9392 0.011121
74.8777 0.044247
77.8163 0.0763331
80.7548 0.0866881
83.6933 0.0858181
86.6318 0.0789391
89.5703 0.0705451
92.5089 0.0615141
95.4474 0.0546391
98.3859 0.049034
101.324 0.043558
104.263 0.038047
107.201 0.034181
110.14 0.030622
113.079 0.0285975
116.017 0.0270315
118.956 0.0259885
121.894 0.024925
124.833 0.0237804
127.771 0.0216416
130.71 0.0194358
133.648 0.0166983
136.587 0.013516
139.525 0.0100007
142.464 0.00749186
145.402 0.00556484
148.341 0.00389039
151.279 0.00296366
154.218 0.00251416

=======================================
Running scatter with P=8 using mpirun
---------------------------------------
69.0007 0.000673001
71.9392 0.011121
74.8777 0.044247
77.8163 0.0763331
80.7548 0.0866881
83.6933 0.0858181
86.6318 0.0789391
89.5703 0.0705451
92.5089 0.0615141
95.4474 0.0546391
98.3859 0.049034
101.324 0.043558
104.263 0.038047
107.201 0.034181
110.14 0.030622
113.079 0.0285975
116.017 0.0270315
118.956 0.0259885
121.894 0.024925
124.833 0.0237804
127.771 0.0216416
130.71 0.0194358
133.648 0.0166983
136.587 0.013516
139.525 0.0100007
142.464 0.00749186
145.402 0.00556484
148.341 0.00389039
151.279 0.00296366
154.218 0.00251416

=======================================
Running scatter with P=20 using mpirun
---------------------------------------
69.0007 0.000673001
71.9392 0.011121
74.8777 0.044247
77.8163 0.0763331
80.7548 0.0866881
83.6933 0.0858181
86.6318 0.0789391
89.5703 0.0705451
92.5089 0.0615141
95.4474 0.0546391
98.3859 0.049034
101.324 0.043558
104.263 0.038047
107.201 0.034181
110.14 0.030622
113.079 0.0285975
116.017 0.0270315
118.956 0.0259885
121.894 0.024925
124.833 0.0237804
127.771 0.0216416
130.71 0.0194358
133.648 0.0166983
136.587 0.013516
139.525 0.0100007
142.464 0.00749186
145.402 0.00556484
148.341 0.00389039
151.279 0.00296366
154.218 0.00251416

=======================================
Running scatter with P=40 using mpirun
---------------------------------------
69.0007 0.000673001
71.9392 0.011121
74.8777 0.044247
77.8163 0.0763331
80.7548 0.0866881
83.6933 0.0858181
86.6318 0.0789391
89.5703 0.0705451
92.5089 0.0615141
95.4474 0.0546391
98.3859 0.049034
101.324 0.043558
104.263 0.038047
107.201 0.034181
110.14 0.030622
113.079 0.0285975
116.017 0.0270315
118.956 0.0259885
121.894 0.024925
124.833 0.0237804
127.771 0.0216416
130.71 0.0194358
133.648 0.0166983
136.587 0.013516
139.525 0.0100007
142.464 0.00749186
145.402 0.00556484
148.341 0.00389039
151.279 0.00296366
154.218 0.00251416

=======================================
Running scatter with P=80 using mpirun
---------------------------------------
69.0007 0.000673001
71.9392 0.011121
74.8777 0.044247
77.8163 0.0763331
80.7548 0.0866881
83.6933 0.0858181
86.6318 0.0789391
89.5703 0.0705451
92.5089 0.0615141
95.4474 0.0546391
98.3859 0.049034
101.324 0.043558
104.263 0.038047
107.201 0.034181
110.14 0.030622
113.079 0.0285975
116.017 0.0270315
118.956 0.0259885
121.894 0.024925
124.833 0.0237804
127.771 0.0216416
130.71 0.0194358
133.648 0.0166983
136.587 0.013516
139.525 0.0100007
142.464 0.00749186
145.402 0.00556484
148.341 0.00389039
151.279 0.00296366
154.218 0.00251416

